2021-04-13 09:39:22,644 [Worker-3: Loading available Gradle versions] INFO  o.e.b.c.i.u.g.PublishedGradleVersions - Gradle version information cache is out-of-date. Trying to update.
2021-04-13 09:49:27,534 [Worker-1: Loading available Gradle versions] INFO  o.e.b.c.i.u.g.PublishedGradleVersions - Gradle version information cache is up-to-date. Trying to read.
2021-04-13 10:00:07,800 [Worker-22: Updating Maven Dependencies] INFO  o.e.m.c.i.l.LifecycleMappingFactory - Using org.eclipse.m2e.jdt.JarLifecycleMapping lifecycle mapping for MavenProject: com.amazonaws:samples:1.0.0 @ C:\Users\heltaweel\eclipse-workspace\Spark\sparkJobEMR\pom.xml.
2021-04-13 10:00:07,800 [Worker-21: Building] INFO  o.e.m.c.i.l.LifecycleMappingFactory - Using org.eclipse.m2e.jdt.JarLifecycleMapping lifecycle mapping for MavenProject: com.amazonaws:samples:1.0.0 @ C:\Users\heltaweel\eclipse-workspace\Spark\sparkJobEMR\pom.xml.
2021-04-13 10:00:09,422 [Worker-21: Building] INFO  o.e.m.c.i.e.AbstractTransferListenerAdapter - Downloading https://repo.maven.apache.org/maven2/org/apache/maven/plugins/maven-jar-plugin/2.4/maven-jar-plugin-2.4.pom
2021-04-13 10:00:09,578 [Worker-21: Building] INFO  o.e.m.c.i.e.AbstractTransferListenerAdapter - Downloaded https://repo.maven.apache.org/maven2/org/apache/maven/plugins/maven-jar-plugin/2.4/maven-jar-plugin-2.4.pom
2021-04-13 10:00:09,740 [Worker-21: Building] INFO  o.e.m.c.i.e.AbstractTransferListenerAdapter - Downloading https://repo.maven.apache.org/maven2/commons-lang/commons-lang/2.1/commons-lang-2.1.pom
2021-04-13 10:00:09,831 [Worker-21: Building] INFO  o.e.m.c.i.e.AbstractTransferListenerAdapter - Downloaded https://repo.maven.apache.org/maven2/commons-lang/commons-lang/2.1/commons-lang-2.1.pom
2021-04-13 10:00:09,974 [AetherRepositoryConnector-repo.maven.apache.org-0-1] INFO  o.e.m.c.i.e.AbstractTransferListenerAdapter - Downloading https://repo.maven.apache.org/maven2/org/codehaus/plexus/plexus-interpolation/1.15/plexus-interpolation-1.15.jar
2021-04-13 10:00:10,054 [AetherRepositoryConnector-repo.maven.apache.org-0-3] INFO  o.e.m.c.i.e.AbstractTransferListenerAdapter - Downloading https://repo.maven.apache.org/maven2/org/codehaus/plexus/plexus-io/2.0.2/plexus-io-2.0.2.jar
2021-04-13 10:00:10,092 [AetherRepositoryConnector-repo.maven.apache.org-0-4] INFO  o.e.m.c.i.e.AbstractTransferListenerAdapter - Downloading https://repo.maven.apache.org/maven2/commons-lang/commons-lang/2.1/commons-lang-2.1.jar
2021-04-13 10:00:10,092 [AetherRepositoryConnector-repo.maven.apache.org-0-0] INFO  o.e.m.c.i.e.AbstractTransferListenerAdapter - Downloading https://repo.maven.apache.org/maven2/classworlds/classworlds/1.1-alpha-2/classworlds-1.1-alpha-2.jar
2021-04-13 10:00:10,092 [AetherRepositoryConnector-repo.maven.apache.org-0-2] INFO  o.e.m.c.i.e.AbstractTransferListenerAdapter - Downloading https://repo.maven.apache.org/maven2/org/codehaus/plexus/plexus-archiver/2.1/plexus-archiver-2.1.jar
2021-04-13 10:00:10,267 [AetherRepositoryConnector-repo.maven.apache.org-0-1] INFO  o.e.m.c.i.e.AbstractTransferListenerAdapter - Downloaded https://repo.maven.apache.org/maven2/org/codehaus/plexus/plexus-interpolation/1.15/plexus-interpolation-1.15.jar
2021-04-13 10:00:10,267 [AetherRepositoryConnector-repo.maven.apache.org-0-3] INFO  o.e.m.c.i.e.AbstractTransferListenerAdapter - Downloaded https://repo.maven.apache.org/maven2/org/codehaus/plexus/plexus-io/2.0.2/plexus-io-2.0.2.jar
2021-04-13 10:00:10,267 [AetherRepositoryConnector-repo.maven.apache.org-0-0] INFO  o.e.m.c.i.e.AbstractTransferListenerAdapter - Downloaded https://repo.maven.apache.org/maven2/classworlds/classworlds/1.1-alpha-2/classworlds-1.1-alpha-2.jar
2021-04-13 10:00:10,337 [AetherRepositoryConnector-repo.maven.apache.org-0-4] INFO  o.e.m.c.i.e.AbstractTransferListenerAdapter - Downloaded https://repo.maven.apache.org/maven2/commons-lang/commons-lang/2.1/commons-lang-2.1.jar
2021-04-13 10:00:10,378 [AetherRepositoryConnector-repo.maven.apache.org-0-2] INFO  o.e.m.c.i.e.AbstractTransferListenerAdapter - Downloaded https://repo.maven.apache.org/maven2/org/codehaus/plexus/plexus-archiver/2.1/plexus-archiver-2.1.jar
2021-04-13 10:00:11,528 [Worker-21: Building] WARN  o.e.m.c.i.embedder.EclipseLogger - Using platform encoding (Cp1252 actually) to copy filtered resources, i.e. build is platform dependent!
2021-04-13 10:00:11,559 [Worker-21: Building] INFO  o.e.m.c.i.embedder.EclipseLogger - Copying 0 resource
2021-04-13 10:00:11,564 [Worker-21: Building] WARN  o.e.m.c.i.embedder.EclipseLogger - Using platform encoding (Cp1252 actually) to copy filtered resources, i.e. build is platform dependent!
2021-04-13 10:00:11,566 [Worker-21: Building] INFO  o.e.m.c.i.embedder.EclipseLogger - Copying 0 resource
2021-04-13 10:00:13,409 [Worker-24: Updating Maven Dependencies] INFO  o.e.m.c.i.l.LifecycleMappingFactory - Using org.eclipse.m2e.jdt.JarLifecycleMapping lifecycle mapping for MavenProject: com.amazonaws:samples:1.0.0 @ C:\Users\heltaweel\eclipse-workspace\Spark\sparkJobEMR\pom.xml.
2021-04-13 10:00:13,968 [Worker-12: Building] WARN  o.e.m.c.i.embedder.EclipseLogger - Using platform encoding (Cp1252 actually) to copy filtered resources, i.e. build is platform dependent!
2021-04-13 10:00:13,971 [Worker-12: Building] INFO  o.e.m.c.i.embedder.EclipseLogger - Copying 0 resource
2021-04-13 10:00:13,973 [Worker-12: Building] WARN  o.e.m.c.i.embedder.EclipseLogger - Using platform encoding (Cp1252 actually) to copy filtered resources, i.e. build is platform dependent!
2021-04-13 10:00:13,974 [Worker-12: Building] INFO  o.e.m.c.i.embedder.EclipseLogger - Copying 0 resource
2021-04-13 10:00:15,822 [Worker-22: Building] WARN  o.e.m.c.i.embedder.EclipseLogger - Using platform encoding (Cp1252 actually) to copy filtered resources, i.e. build is platform dependent!
2021-04-13 10:00:15,823 [Worker-22: Building] INFO  o.e.m.c.i.embedder.EclipseLogger - Copying 0 resource
2021-04-13 10:00:15,824 [Worker-22: Building] WARN  o.e.m.c.i.embedder.EclipseLogger - Using platform encoding (Cp1252 actually) to copy filtered resources, i.e. build is platform dependent!
2021-04-13 10:00:15,824 [Worker-22: Building] INFO  o.e.m.c.i.embedder.EclipseLogger - Copying 0 resource
2021-04-13 13:29:07,209 [Worker-0: Loading available Gradle versions] INFO  o.e.b.c.i.u.g.PublishedGradleVersions - Gradle version information cache is up-to-date. Trying to read.
2021-04-13 13:44:44,057 [Worker-19: Building] WARN  o.e.m.c.i.embedder.EclipseLogger - Using platform encoding (Cp1252 actually) to copy filtered resources, i.e. build is platform dependent!
2021-04-13 13:44:44,065 [Worker-19: Building] INFO  o.e.m.c.i.embedder.EclipseLogger - Copying 0 resource
2021-04-13 13:44:44,068 [Worker-19: Building] WARN  o.e.m.c.i.embedder.EclipseLogger - Using platform encoding (Cp1252 actually) to copy filtered resources, i.e. build is platform dependent!
2021-04-13 13:44:44,069 [Worker-19: Building] INFO  o.e.m.c.i.embedder.EclipseLogger - Copying 0 resource
2021-04-13 14:48:02,412 [Worker-50: Building] WARN  o.e.m.c.i.embedder.EclipseLogger - Using platform encoding (Cp1252 actually) to copy filtered resources, i.e. build is platform dependent!
2021-04-13 14:48:02,412 [Worker-50: Building] INFO  o.e.m.c.i.embedder.EclipseLogger - Copying 0 resource
2021-04-13 14:48:02,414 [Worker-50: Building] WARN  o.e.m.c.i.embedder.EclipseLogger - Using platform encoding (Cp1252 actually) to copy filtered resources, i.e. build is platform dependent!
2021-04-13 14:48:02,414 [Worker-50: Building] INFO  o.e.m.c.i.embedder.EclipseLogger - Copying 0 resource
2021-04-13 14:48:10,023 [Worker-42: Building] WARN  o.e.m.c.i.embedder.EclipseLogger - Using platform encoding (Cp1252 actually) to copy filtered resources, i.e. build is platform dependent!
2021-04-13 14:48:10,025 [Worker-42: Building] INFO  o.e.m.c.i.embedder.EclipseLogger - Copying 0 resource
2021-04-13 14:48:10,026 [Worker-42: Building] WARN  o.e.m.c.i.embedder.EclipseLogger - Using platform encoding (Cp1252 actually) to copy filtered resources, i.e. build is platform dependent!
2021-04-13 14:48:10,027 [Worker-42: Building] INFO  o.e.m.c.i.embedder.EclipseLogger - Copying 0 resource
2021-04-13 22:39:06,153 [Worker-149: Building] WARN  o.e.m.c.i.embedder.EclipseLogger - Using platform encoding (Cp1252 actually) to copy filtered resources, i.e. build is platform dependent!
2021-04-13 22:39:06,159 [Worker-149: Building] INFO  o.e.m.c.i.embedder.EclipseLogger - Copying 0 resource
2021-04-13 22:39:06,161 [Worker-149: Building] WARN  o.e.m.c.i.embedder.EclipseLogger - Using platform encoding (Cp1252 actually) to copy filtered resources, i.e. build is platform dependent!
2021-04-13 22:39:06,162 [Worker-149: Building] INFO  o.e.m.c.i.embedder.EclipseLogger - Copying 0 resource
2021-04-13 22:50:58,715 [Worker-163: Building] WARN  o.e.m.c.i.embedder.EclipseLogger - Using platform encoding (Cp1252 actually) to copy filtered resources, i.e. build is platform dependent!
2021-04-13 22:50:58,716 [Worker-163: Building] INFO  o.e.m.c.i.embedder.EclipseLogger - Copying 0 resource
2021-04-13 22:50:58,718 [Worker-163: Building] WARN  o.e.m.c.i.embedder.EclipseLogger - Using platform encoding (Cp1252 actually) to copy filtered resources, i.e. build is platform dependent!
2021-04-13 22:50:58,718 [Worker-163: Building] INFO  o.e.m.c.i.embedder.EclipseLogger - Copying 0 resource
2021-04-13 22:53:07,809 [Worker-160: Building] WARN  o.e.m.c.i.embedder.EclipseLogger - Using platform encoding (Cp1252 actually) to copy filtered resources, i.e. build is platform dependent!
2021-04-13 22:53:07,810 [Worker-160: Building] INFO  o.e.m.c.i.embedder.EclipseLogger - Copying 0 resource
2021-04-13 22:53:07,811 [Worker-160: Building] WARN  o.e.m.c.i.embedder.EclipseLogger - Using platform encoding (Cp1252 actually) to copy filtered resources, i.e. build is platform dependent!
2021-04-13 22:53:07,812 [Worker-160: Building] INFO  o.e.m.c.i.embedder.EclipseLogger - Copying 0 resource
2021-04-13 22:55:07,160 [Worker-165: Building] WARN  o.e.m.c.i.embedder.EclipseLogger - Using platform encoding (Cp1252 actually) to copy filtered resources, i.e. build is platform dependent!
2021-04-13 22:55:07,161 [Worker-165: Building] INFO  o.e.m.c.i.embedder.EclipseLogger - Copying 0 resource
2021-04-13 22:55:07,163 [Worker-165: Building] WARN  o.e.m.c.i.embedder.EclipseLogger - Using platform encoding (Cp1252 actually) to copy filtered resources, i.e. build is platform dependent!
2021-04-13 22:55:07,165 [Worker-165: Building] INFO  o.e.m.c.i.embedder.EclipseLogger - Copying 0 resource
2021-04-13 22:56:15,960 [Worker-169: Building] WARN  o.e.m.c.i.embedder.EclipseLogger - Using platform encoding (Cp1252 actually) to copy filtered resources, i.e. build is platform dependent!
2021-04-13 22:56:15,963 [Worker-169: Building] INFO  o.e.m.c.i.embedder.EclipseLogger - Copying 0 resource
2021-04-13 22:56:15,964 [Worker-169: Building] WARN  o.e.m.c.i.embedder.EclipseLogger - Using platform encoding (Cp1252 actually) to copy filtered resources, i.e. build is platform dependent!
2021-04-13 22:56:15,965 [Worker-169: Building] INFO  o.e.m.c.i.embedder.EclipseLogger - Copying 0 resource
2021-04-13 23:00:18,810 [Worker-154: Building] WARN  o.e.m.c.i.embedder.EclipseLogger - Using platform encoding (Cp1252 actually) to copy filtered resources, i.e. build is platform dependent!
2021-04-13 23:00:18,812 [Worker-154: Building] INFO  o.e.m.c.i.embedder.EclipseLogger - Copying 0 resource
2021-04-13 23:00:18,813 [Worker-154: Building] WARN  o.e.m.c.i.embedder.EclipseLogger - Using platform encoding (Cp1252 actually) to copy filtered resources, i.e. build is platform dependent!
2021-04-13 23:00:18,814 [Worker-154: Building] INFO  o.e.m.c.i.embedder.EclipseLogger - Copying 0 resource
2021-04-13 23:01:02,311 [Worker-174: Building] WARN  o.e.m.c.i.embedder.EclipseLogger - Using platform encoding (Cp1252 actually) to copy filtered resources, i.e. build is platform dependent!
2021-04-13 23:01:02,313 [Worker-174: Building] INFO  o.e.m.c.i.embedder.EclipseLogger - Copying 0 resource
2021-04-13 23:01:02,313 [Worker-174: Building] WARN  o.e.m.c.i.embedder.EclipseLogger - Using platform encoding (Cp1252 actually) to copy filtered resources, i.e. build is platform dependent!
2021-04-13 23:01:02,314 [Worker-174: Building] INFO  o.e.m.c.i.embedder.EclipseLogger - Copying 0 resource
2021-04-14 10:31:01,092 [Worker-197: Building] WARN  o.e.m.c.i.embedder.EclipseLogger - Using platform encoding (Cp1252 actually) to copy filtered resources, i.e. build is platform dependent!
2021-04-14 10:31:01,094 [Worker-197: Building] INFO  o.e.m.c.i.embedder.EclipseLogger - Copying 0 resource
2021-04-14 10:31:01,095 [Worker-197: Building] WARN  o.e.m.c.i.embedder.EclipseLogger - Using platform encoding (Cp1252 actually) to copy filtered resources, i.e. build is platform dependent!
2021-04-14 10:31:01,097 [Worker-197: Building] INFO  o.e.m.c.i.embedder.EclipseLogger - Copying 0 resource
2021-04-14 10:42:04,693 [Worker-181: Building Project sparkJobEMR] WARN  o.e.m.c.i.embedder.EclipseLogger - Using platform encoding (Cp1252 actually) to copy filtered resources, i.e. build is platform dependent!
2021-04-14 10:42:04,694 [Worker-181: Building Project sparkJobEMR] INFO  o.e.m.c.i.embedder.EclipseLogger - Copying 0 resource
2021-04-14 10:42:04,696 [Worker-181: Building Project sparkJobEMR] WARN  o.e.m.c.i.embedder.EclipseLogger - Using platform encoding (Cp1252 actually) to copy filtered resources, i.e. build is platform dependent!
2021-04-14 10:42:04,697 [Worker-181: Building Project sparkJobEMR] INFO  o.e.m.c.i.embedder.EclipseLogger - Copying 0 resource
2021-04-14 10:42:17,634 [Worker-208: Building] WARN  o.e.m.c.i.embedder.EclipseLogger - Using platform encoding (Cp1252 actually) to copy filtered resources, i.e. build is platform dependent!
2021-04-14 10:42:17,636 [Worker-208: Building] INFO  o.e.m.c.i.embedder.EclipseLogger - Copying 0 resource
2021-04-14 10:42:17,637 [Worker-208: Building] WARN  o.e.m.c.i.embedder.EclipseLogger - Using platform encoding (Cp1252 actually) to copy filtered resources, i.e. build is platform dependent!
2021-04-14 10:42:17,638 [Worker-208: Building] INFO  o.e.m.c.i.embedder.EclipseLogger - Copying 0 resource
2021-04-14 10:43:25,754 [Worker-206: Building] WARN  o.e.m.c.i.embedder.EclipseLogger - Using platform encoding (Cp1252 actually) to copy filtered resources, i.e. build is platform dependent!
2021-04-14 10:43:25,755 [Worker-206: Building] INFO  o.e.m.c.i.embedder.EclipseLogger - Copying 0 resource
2021-04-14 10:43:25,756 [Worker-206: Building] WARN  o.e.m.c.i.embedder.EclipseLogger - Using platform encoding (Cp1252 actually) to copy filtered resources, i.e. build is platform dependent!
2021-04-14 10:43:25,757 [Worker-206: Building] INFO  o.e.m.c.i.embedder.EclipseLogger - Copying 0 resource
2021-04-14 10:50:12,706 [Worker-211: Building] WARN  o.e.m.c.i.embedder.EclipseLogger - Using platform encoding (Cp1252 actually) to copy filtered resources, i.e. build is platform dependent!
2021-04-14 10:50:12,707 [Worker-211: Building] INFO  o.e.m.c.i.embedder.EclipseLogger - Copying 0 resource
2021-04-14 10:50:12,709 [Worker-211: Building] WARN  o.e.m.c.i.embedder.EclipseLogger - Using platform encoding (Cp1252 actually) to copy filtered resources, i.e. build is platform dependent!
2021-04-14 10:50:12,710 [Worker-211: Building] INFO  o.e.m.c.i.embedder.EclipseLogger - Copying 0 resource
2021-04-14 10:51:01,356 [Worker-210: Building] WARN  o.e.m.c.i.embedder.EclipseLogger - Using platform encoding (Cp1252 actually) to copy filtered resources, i.e. build is platform dependent!
2021-04-14 10:51:01,357 [Worker-210: Building] INFO  o.e.m.c.i.embedder.EclipseLogger - Copying 0 resource
2021-04-14 10:51:01,358 [Worker-210: Building] WARN  o.e.m.c.i.embedder.EclipseLogger - Using platform encoding (Cp1252 actually) to copy filtered resources, i.e. build is platform dependent!
2021-04-14 10:51:01,359 [Worker-210: Building] INFO  o.e.m.c.i.embedder.EclipseLogger - Copying 0 resource
2021-04-14 10:51:14,056 [Worker-214: Building] WARN  o.e.m.c.i.embedder.EclipseLogger - Using platform encoding (Cp1252 actually) to copy filtered resources, i.e. build is platform dependent!
2021-04-14 10:51:14,057 [Worker-214: Building] INFO  o.e.m.c.i.embedder.EclipseLogger - Copying 0 resource
2021-04-14 10:51:14,057 [Worker-214: Building] WARN  o.e.m.c.i.embedder.EclipseLogger - Using platform encoding (Cp1252 actually) to copy filtered resources, i.e. build is platform dependent!
2021-04-14 10:51:14,058 [Worker-214: Building] INFO  o.e.m.c.i.embedder.EclipseLogger - Copying 0 resource
2021-04-14 10:55:59,102 [Worker-212: Building] WARN  o.e.m.c.i.embedder.EclipseLogger - Using platform encoding (Cp1252 actually) to copy filtered resources, i.e. build is platform dependent!
2021-04-14 10:55:59,103 [Worker-212: Building] INFO  o.e.m.c.i.embedder.EclipseLogger - Copying 0 resource
2021-04-14 10:55:59,105 [Worker-212: Building] WARN  o.e.m.c.i.embedder.EclipseLogger - Using platform encoding (Cp1252 actually) to copy filtered resources, i.e. build is platform dependent!
2021-04-14 10:55:59,106 [Worker-212: Building] INFO  o.e.m.c.i.embedder.EclipseLogger - Copying 0 resource
2021-04-14 10:59:13,523 [Worker-213: Building] WARN  o.e.m.c.i.embedder.EclipseLogger - Using platform encoding (Cp1252 actually) to copy filtered resources, i.e. build is platform dependent!
2021-04-14 10:59:13,524 [Worker-213: Building] INFO  o.e.m.c.i.embedder.EclipseLogger - Copying 0 resource
2021-04-14 10:59:13,525 [Worker-213: Building] WARN  o.e.m.c.i.embedder.EclipseLogger - Using platform encoding (Cp1252 actually) to copy filtered resources, i.e. build is platform dependent!
2021-04-14 10:59:13,526 [Worker-213: Building] INFO  o.e.m.c.i.embedder.EclipseLogger - Copying 0 resource
2021-04-14 11:13:01,127 [Worker-218: Building] WARN  o.e.m.c.i.embedder.EclipseLogger - Using platform encoding (Cp1252 actually) to copy filtered resources, i.e. build is platform dependent!
2021-04-14 11:13:01,128 [Worker-218: Building] INFO  o.e.m.c.i.embedder.EclipseLogger - Copying 0 resource
2021-04-14 11:13:01,129 [Worker-218: Building] WARN  o.e.m.c.i.embedder.EclipseLogger - Using platform encoding (Cp1252 actually) to copy filtered resources, i.e. build is platform dependent!
2021-04-14 11:13:01,129 [Worker-218: Building] INFO  o.e.m.c.i.embedder.EclipseLogger - Copying 0 resource
2021-04-14 11:14:14,336 [Worker-222: Building] WARN  o.e.m.c.i.embedder.EclipseLogger - Using platform encoding (Cp1252 actually) to copy filtered resources, i.e. build is platform dependent!
2021-04-14 11:14:14,337 [Worker-222: Building] INFO  o.e.m.c.i.embedder.EclipseLogger - Copying 0 resource
2021-04-14 11:14:14,338 [Worker-222: Building] WARN  o.e.m.c.i.embedder.EclipseLogger - Using platform encoding (Cp1252 actually) to copy filtered resources, i.e. build is platform dependent!
2021-04-14 11:14:14,338 [Worker-222: Building] INFO  o.e.m.c.i.embedder.EclipseLogger - Copying 0 resource
2021-04-14 11:14:26,280 [Worker-222: Building] WARN  o.e.m.c.i.embedder.EclipseLogger - Using platform encoding (Cp1252 actually) to copy filtered resources, i.e. build is platform dependent!
2021-04-14 11:14:26,282 [Worker-222: Building] INFO  o.e.m.c.i.embedder.EclipseLogger - Copying 0 resource
2021-04-14 11:14:26,283 [Worker-222: Building] WARN  o.e.m.c.i.embedder.EclipseLogger - Using platform encoding (Cp1252 actually) to copy filtered resources, i.e. build is platform dependent!
2021-04-14 11:14:26,284 [Worker-222: Building] INFO  o.e.m.c.i.embedder.EclipseLogger - Copying 0 resource
2021-04-14 11:56:57,012 [Worker-239: Building] WARN  o.e.m.c.i.embedder.EclipseLogger - Using platform encoding (Cp1252 actually) to copy filtered resources, i.e. build is platform dependent!
2021-04-14 11:56:57,013 [Worker-239: Building] INFO  o.e.m.c.i.embedder.EclipseLogger - Copying 0 resource
2021-04-14 11:56:57,014 [Worker-239: Building] WARN  o.e.m.c.i.embedder.EclipseLogger - Using platform encoding (Cp1252 actually) to copy filtered resources, i.e. build is platform dependent!
2021-04-14 11:56:57,015 [Worker-239: Building] INFO  o.e.m.c.i.embedder.EclipseLogger - Copying 0 resource
2021-04-14 11:57:21,032 [Worker-239: Building] WARN  o.e.m.c.i.embedder.EclipseLogger - Using platform encoding (Cp1252 actually) to copy filtered resources, i.e. build is platform dependent!
2021-04-14 11:57:21,033 [Worker-239: Building] INFO  o.e.m.c.i.embedder.EclipseLogger - Copying 0 resource
2021-04-14 11:57:21,034 [Worker-239: Building] WARN  o.e.m.c.i.embedder.EclipseLogger - Using platform encoding (Cp1252 actually) to copy filtered resources, i.e. build is platform dependent!
2021-04-14 11:57:21,035 [Worker-239: Building] INFO  o.e.m.c.i.embedder.EclipseLogger - Copying 0 resource
2021-04-14 11:57:48,703 [Worker-239: Building] WARN  o.e.m.c.i.embedder.EclipseLogger - Using platform encoding (Cp1252 actually) to copy filtered resources, i.e. build is platform dependent!
2021-04-14 11:57:48,704 [Worker-239: Building] INFO  o.e.m.c.i.embedder.EclipseLogger - Copying 0 resource
2021-04-14 11:57:48,704 [Worker-239: Building] WARN  o.e.m.c.i.embedder.EclipseLogger - Using platform encoding (Cp1252 actually) to copy filtered resources, i.e. build is platform dependent!
2021-04-14 11:57:48,705 [Worker-239: Building] INFO  o.e.m.c.i.embedder.EclipseLogger - Copying 0 resource
2021-04-14 12:02:00,733 [Worker-243: Building] WARN  o.e.m.c.i.embedder.EclipseLogger - Using platform encoding (Cp1252 actually) to copy filtered resources, i.e. build is platform dependent!
2021-04-14 12:02:00,734 [Worker-243: Building] INFO  o.e.m.c.i.embedder.EclipseLogger - Copying 0 resource
2021-04-14 12:02:00,735 [Worker-243: Building] WARN  o.e.m.c.i.embedder.EclipseLogger - Using platform encoding (Cp1252 actually) to copy filtered resources, i.e. build is platform dependent!
2021-04-14 12:02:00,736 [Worker-243: Building] INFO  o.e.m.c.i.embedder.EclipseLogger - Copying 0 resource
2021-04-14 12:02:40,083 [Worker-241: Building] WARN  o.e.m.c.i.embedder.EclipseLogger - Using platform encoding (Cp1252 actually) to copy filtered resources, i.e. build is platform dependent!
2021-04-14 12:02:40,085 [Worker-241: Building] INFO  o.e.m.c.i.embedder.EclipseLogger - Copying 0 resource
2021-04-14 12:02:40,085 [Worker-241: Building] WARN  o.e.m.c.i.embedder.EclipseLogger - Using platform encoding (Cp1252 actually) to copy filtered resources, i.e. build is platform dependent!
2021-04-14 12:02:40,086 [Worker-241: Building] INFO  o.e.m.c.i.embedder.EclipseLogger - Copying 0 resource
2021-04-14 12:03:24,313 [Worker-246: Building] WARN  o.e.m.c.i.embedder.EclipseLogger - Using platform encoding (Cp1252 actually) to copy filtered resources, i.e. build is platform dependent!
2021-04-14 12:03:24,314 [Worker-246: Building] INFO  o.e.m.c.i.embedder.EclipseLogger - Copying 0 resource
2021-04-14 12:03:24,315 [Worker-246: Building] WARN  o.e.m.c.i.embedder.EclipseLogger - Using platform encoding (Cp1252 actually) to copy filtered resources, i.e. build is platform dependent!
2021-04-14 12:03:24,316 [Worker-246: Building] INFO  o.e.m.c.i.embedder.EclipseLogger - Copying 0 resource
2021-04-14 12:12:03,422 [Worker-250: Building] WARN  o.e.m.c.i.embedder.EclipseLogger - Using platform encoding (Cp1252 actually) to copy filtered resources, i.e. build is platform dependent!
2021-04-14 12:12:03,423 [Worker-250: Building] INFO  o.e.m.c.i.embedder.EclipseLogger - Copying 0 resource
2021-04-14 12:12:03,424 [Worker-250: Building] WARN  o.e.m.c.i.embedder.EclipseLogger - Using platform encoding (Cp1252 actually) to copy filtered resources, i.e. build is platform dependent!
2021-04-14 12:12:03,424 [Worker-250: Building] INFO  o.e.m.c.i.embedder.EclipseLogger - Copying 0 resource
2021-04-14 12:19:57,219 [main] INFO  o.e.m2e.actions.ExecutePomAction - Creating new launch configuration
2021-04-14 12:20:03,912 [Worker-251: Launching Project] INFO  o.e.m.i.launch.MavenLaunchDelegate - C:\My_work\Spark\Practicals\Practicals\Starting Workspace\Project
2021-04-14 12:20:03,913 [Worker-251: Launching Project] INFO  o.e.m.i.launch.MavenLaunchDelegate -  mvn -B package
2021-04-14 12:24:07,906 [Worker-249: Building] WARN  o.e.m.c.i.embedder.EclipseLogger - Using platform encoding (Cp1252 actually) to copy filtered resources, i.e. build is platform dependent!
2021-04-14 12:24:07,907 [Worker-249: Building] INFO  o.e.m.c.i.embedder.EclipseLogger - Copying 0 resource
2021-04-14 12:24:07,909 [Worker-249: Building] WARN  o.e.m.c.i.embedder.EclipseLogger - Using platform encoding (Cp1252 actually) to copy filtered resources, i.e. build is platform dependent!
2021-04-14 12:24:07,909 [Worker-249: Building] INFO  o.e.m.c.i.embedder.EclipseLogger - Copying 0 resource
2021-04-14 12:24:47,528 [Worker-262: Building] WARN  o.e.m.c.i.embedder.EclipseLogger - Using platform encoding (Cp1252 actually) to copy filtered resources, i.e. build is platform dependent!
2021-04-14 12:24:47,529 [Worker-262: Building] INFO  o.e.m.c.i.embedder.EclipseLogger - Copying 0 resource
2021-04-14 12:24:47,530 [Worker-262: Building] WARN  o.e.m.c.i.embedder.EclipseLogger - Using platform encoding (Cp1252 actually) to copy filtered resources, i.e. build is platform dependent!
2021-04-14 12:24:47,531 [Worker-262: Building] INFO  o.e.m.c.i.embedder.EclipseLogger - Copying 0 resource
2021-04-14 12:25:11,168 [Worker-262: Building] WARN  o.e.m.c.i.embedder.EclipseLogger - Using platform encoding (Cp1252 actually) to copy filtered resources, i.e. build is platform dependent!
2021-04-14 12:25:11,169 [Worker-262: Building] INFO  o.e.m.c.i.embedder.EclipseLogger - Copying 0 resource
2021-04-14 12:25:11,170 [Worker-262: Building] WARN  o.e.m.c.i.embedder.EclipseLogger - Using platform encoding (Cp1252 actually) to copy filtered resources, i.e. build is platform dependent!
2021-04-14 12:25:11,172 [Worker-262: Building] INFO  o.e.m.c.i.embedder.EclipseLogger - Copying 0 resource
2021-04-14 12:25:16,545 [Worker-262: Building] WARN  o.e.m.c.i.embedder.EclipseLogger - Using platform encoding (Cp1252 actually) to copy filtered resources, i.e. build is platform dependent!
2021-04-14 12:25:16,546 [Worker-262: Building] INFO  o.e.m.c.i.embedder.EclipseLogger - Copying 0 resource
2021-04-14 12:25:16,547 [Worker-262: Building] WARN  o.e.m.c.i.embedder.EclipseLogger - Using platform encoding (Cp1252 actually) to copy filtered resources, i.e. build is platform dependent!
2021-04-14 12:25:16,548 [Worker-262: Building] INFO  o.e.m.c.i.embedder.EclipseLogger - Copying 0 resource
2021-04-14 12:33:11,352 [Worker-248: Building] WARN  o.e.m.c.i.embedder.EclipseLogger - Using platform encoding (Cp1252 actually) to copy filtered resources, i.e. build is platform dependent!
2021-04-14 12:33:11,353 [Worker-248: Building] INFO  o.e.m.c.i.embedder.EclipseLogger - Copying 0 resource
2021-04-14 12:33:11,354 [Worker-248: Building] WARN  o.e.m.c.i.embedder.EclipseLogger - Using platform encoding (Cp1252 actually) to copy filtered resources, i.e. build is platform dependent!
2021-04-14 12:33:11,354 [Worker-248: Building] INFO  o.e.m.c.i.embedder.EclipseLogger - Copying 0 resource
2021-04-22 11:24:52,665 [Worker-1420: Building] WARN  o.e.m.c.i.embedder.EclipseLogger - Using platform encoding (Cp1252 actually) to copy filtered resources, i.e. build is platform dependent!
2021-04-22 11:24:52,669 [Worker-1420: Building] INFO  o.e.m.c.i.embedder.EclipseLogger - Copying 0 resource
2021-04-22 11:24:52,670 [Worker-1420: Building] WARN  o.e.m.c.i.embedder.EclipseLogger - Using platform encoding (Cp1252 actually) to copy filtered resources, i.e. build is platform dependent!
2021-04-22 11:24:52,671 [Worker-1420: Building] INFO  o.e.m.c.i.embedder.EclipseLogger - Copying 0 resource
2021-04-22 12:08:49,191 [Worker-1435: Building] WARN  o.e.m.c.i.embedder.EclipseLogger - Using platform encoding (Cp1252 actually) to copy filtered resources, i.e. build is platform dependent!
2021-04-22 12:08:49,193 [Worker-1435: Building] INFO  o.e.m.c.i.embedder.EclipseLogger - Copying 0 resource
2021-04-22 12:08:49,193 [Worker-1435: Building] WARN  o.e.m.c.i.embedder.EclipseLogger - Using platform encoding (Cp1252 actually) to copy filtered resources, i.e. build is platform dependent!
2021-04-22 12:08:49,194 [Worker-1435: Building] INFO  o.e.m.c.i.embedder.EclipseLogger - Copying 0 resource
2021-04-22 12:08:56,414 [Worker-1433: Building] WARN  o.e.m.c.i.embedder.EclipseLogger - Using platform encoding (Cp1252 actually) to copy filtered resources, i.e. build is platform dependent!
2021-04-22 12:08:56,415 [Worker-1433: Building] INFO  o.e.m.c.i.embedder.EclipseLogger - Copying 0 resource
2021-04-22 12:08:56,416 [Worker-1433: Building] WARN  o.e.m.c.i.embedder.EclipseLogger - Using platform encoding (Cp1252 actually) to copy filtered resources, i.e. build is platform dependent!
2021-04-22 12:08:56,417 [Worker-1433: Building] INFO  o.e.m.c.i.embedder.EclipseLogger - Copying 0 resource
2021-04-22 12:21:35,870 [Worker-1443: Building] WARN  o.e.m.c.i.embedder.EclipseLogger - Using platform encoding (Cp1252 actually) to copy filtered resources, i.e. build is platform dependent!
2021-04-22 12:21:35,871 [Worker-1443: Building] INFO  o.e.m.c.i.embedder.EclipseLogger - Copying 0 resource
2021-04-22 12:21:35,871 [Worker-1443: Building] WARN  o.e.m.c.i.embedder.EclipseLogger - Using platform encoding (Cp1252 actually) to copy filtered resources, i.e. build is platform dependent!
2021-04-22 12:21:35,872 [Worker-1443: Building] INFO  o.e.m.c.i.embedder.EclipseLogger - Copying 0 resource
2021-04-22 12:38:17,369 [Worker-1452: Building] WARN  o.e.m.c.i.embedder.EclipseLogger - Using platform encoding (Cp1252 actually) to copy filtered resources, i.e. build is platform dependent!
2021-04-22 12:38:17,370 [Worker-1452: Building] INFO  o.e.m.c.i.embedder.EclipseLogger - Copying 0 resource
2021-04-22 12:38:17,371 [Worker-1452: Building] WARN  o.e.m.c.i.embedder.EclipseLogger - Using platform encoding (Cp1252 actually) to copy filtered resources, i.e. build is platform dependent!
2021-04-22 12:38:17,372 [Worker-1452: Building] INFO  o.e.m.c.i.embedder.EclipseLogger - Copying 0 resource
2021-04-22 12:39:58,412 [Worker-1453: Building] WARN  o.e.m.c.i.embedder.EclipseLogger - Using platform encoding (Cp1252 actually) to copy filtered resources, i.e. build is platform dependent!
2021-04-22 12:39:58,413 [Worker-1453: Building] INFO  o.e.m.c.i.embedder.EclipseLogger - Copying 0 resource
2021-04-22 12:39:58,414 [Worker-1453: Building] WARN  o.e.m.c.i.embedder.EclipseLogger - Using platform encoding (Cp1252 actually) to copy filtered resources, i.e. build is platform dependent!
2021-04-22 12:39:58,414 [Worker-1453: Building] INFO  o.e.m.c.i.embedder.EclipseLogger - Copying 0 resource
2021-04-22 12:40:26,343 [Worker-1448: Building] WARN  o.e.m.c.i.embedder.EclipseLogger - Using platform encoding (Cp1252 actually) to copy filtered resources, i.e. build is platform dependent!
2021-04-22 12:40:26,344 [Worker-1448: Building] INFO  o.e.m.c.i.embedder.EclipseLogger - Copying 0 resource
2021-04-22 12:40:26,345 [Worker-1448: Building] WARN  o.e.m.c.i.embedder.EclipseLogger - Using platform encoding (Cp1252 actually) to copy filtered resources, i.e. build is platform dependent!
2021-04-22 12:40:26,346 [Worker-1448: Building] INFO  o.e.m.c.i.embedder.EclipseLogger - Copying 0 resource
2021-04-22 12:42:59,435 [Worker-1442: Building] WARN  o.e.m.c.i.embedder.EclipseLogger - Using platform encoding (Cp1252 actually) to copy filtered resources, i.e. build is platform dependent!
2021-04-22 12:42:59,437 [Worker-1442: Building] INFO  o.e.m.c.i.embedder.EclipseLogger - Copying 0 resource
2021-04-22 12:42:59,439 [Worker-1442: Building] WARN  o.e.m.c.i.embedder.EclipseLogger - Using platform encoding (Cp1252 actually) to copy filtered resources, i.e. build is platform dependent!
2021-04-22 12:42:59,440 [Worker-1442: Building] INFO  o.e.m.c.i.embedder.EclipseLogger - Copying 0 resource
2021-04-22 12:43:13,242 [Worker-1455: Building] WARN  o.e.m.c.i.embedder.EclipseLogger - Using platform encoding (Cp1252 actually) to copy filtered resources, i.e. build is platform dependent!
2021-04-22 12:43:13,243 [Worker-1455: Building] INFO  o.e.m.c.i.embedder.EclipseLogger - Copying 0 resource
2021-04-22 12:43:13,244 [Worker-1455: Building] WARN  o.e.m.c.i.embedder.EclipseLogger - Using platform encoding (Cp1252 actually) to copy filtered resources, i.e. build is platform dependent!
2021-04-22 12:43:13,244 [Worker-1455: Building] INFO  o.e.m.c.i.embedder.EclipseLogger - Copying 0 resource
2021-04-22 13:10:19,751 [Worker-1470: Building] WARN  o.e.m.c.i.embedder.EclipseLogger - Using platform encoding (Cp1252 actually) to copy filtered resources, i.e. build is platform dependent!
2021-04-22 13:10:19,752 [Worker-1470: Building] INFO  o.e.m.c.i.embedder.EclipseLogger - Copying 0 resource
2021-04-22 13:10:19,752 [Worker-1470: Building] WARN  o.e.m.c.i.embedder.EclipseLogger - Using platform encoding (Cp1252 actually) to copy filtered resources, i.e. build is platform dependent!
2021-04-22 13:10:19,753 [Worker-1470: Building] INFO  o.e.m.c.i.embedder.EclipseLogger - Copying 0 resource
2021-04-22 13:10:58,468 [Worker-1470: Building] WARN  o.e.m.c.i.embedder.EclipseLogger - Using platform encoding (Cp1252 actually) to copy filtered resources, i.e. build is platform dependent!
2021-04-22 13:10:58,469 [Worker-1470: Building] INFO  o.e.m.c.i.embedder.EclipseLogger - Copying 0 resource
2021-04-22 13:10:58,470 [Worker-1470: Building] WARN  o.e.m.c.i.embedder.EclipseLogger - Using platform encoding (Cp1252 actually) to copy filtered resources, i.e. build is platform dependent!
2021-04-22 13:10:58,471 [Worker-1470: Building] INFO  o.e.m.c.i.embedder.EclipseLogger - Copying 0 resource
2021-04-22 13:19:15,873 [Worker-1462: Building] WARN  o.e.m.c.i.embedder.EclipseLogger - Using platform encoding (Cp1252 actually) to copy filtered resources, i.e. build is platform dependent!
2021-04-22 13:19:15,875 [Worker-1462: Building] INFO  o.e.m.c.i.embedder.EclipseLogger - Copying 0 resource
2021-04-22 13:19:15,875 [Worker-1462: Building] WARN  o.e.m.c.i.embedder.EclipseLogger - Using platform encoding (Cp1252 actually) to copy filtered resources, i.e. build is platform dependent!
2021-04-22 13:19:15,876 [Worker-1462: Building] INFO  o.e.m.c.i.embedder.EclipseLogger - Copying 0 resource
2021-04-22 13:58:32,190 [Worker-1483: Building] WARN  o.e.m.c.i.embedder.EclipseLogger - Using platform encoding (Cp1252 actually) to copy filtered resources, i.e. build is platform dependent!
2021-04-22 13:58:32,191 [Worker-1483: Building] INFO  o.e.m.c.i.embedder.EclipseLogger - Copying 0 resource
2021-04-22 13:58:32,192 [Worker-1483: Building] WARN  o.e.m.c.i.embedder.EclipseLogger - Using platform encoding (Cp1252 actually) to copy filtered resources, i.e. build is platform dependent!
2021-04-22 13:58:32,192 [Worker-1483: Building] INFO  o.e.m.c.i.embedder.EclipseLogger - Copying 0 resource
2021-04-22 15:19:31,596 [Worker-1507: Building] WARN  o.e.m.c.i.embedder.EclipseLogger - Using platform encoding (Cp1252 actually) to copy filtered resources, i.e. build is platform dependent!
2021-04-22 15:19:31,597 [Worker-1507: Building] INFO  o.e.m.c.i.embedder.EclipseLogger - Copying 0 resource
2021-04-22 15:19:31,599 [Worker-1507: Building] WARN  o.e.m.c.i.embedder.EclipseLogger - Using platform encoding (Cp1252 actually) to copy filtered resources, i.e. build is platform dependent!
2021-04-22 15:19:31,600 [Worker-1507: Building] INFO  o.e.m.c.i.embedder.EclipseLogger - Copying 0 resource
2021-04-22 15:50:25,998 [Worker-1522: Building] WARN  o.e.m.c.i.embedder.EclipseLogger - Using platform encoding (Cp1252 actually) to copy filtered resources, i.e. build is platform dependent!
2021-04-22 15:50:25,999 [Worker-1522: Building] INFO  o.e.m.c.i.embedder.EclipseLogger - Copying 0 resource
2021-04-22 15:50:26,001 [Worker-1522: Building] WARN  o.e.m.c.i.embedder.EclipseLogger - Using platform encoding (Cp1252 actually) to copy filtered resources, i.e. build is platform dependent!
2021-04-22 15:50:26,003 [Worker-1522: Building] INFO  o.e.m.c.i.embedder.EclipseLogger - Copying 0 resource
2021-04-22 15:50:34,207 [Worker-1523: Building] WARN  o.e.m.c.i.embedder.EclipseLogger - Using platform encoding (Cp1252 actually) to copy filtered resources, i.e. build is platform dependent!
2021-04-22 15:50:34,209 [Worker-1523: Building] INFO  o.e.m.c.i.embedder.EclipseLogger - Copying 0 resource
2021-04-22 15:50:34,210 [Worker-1523: Building] WARN  o.e.m.c.i.embedder.EclipseLogger - Using platform encoding (Cp1252 actually) to copy filtered resources, i.e. build is platform dependent!
2021-04-22 15:50:34,211 [Worker-1523: Building] INFO  o.e.m.c.i.embedder.EclipseLogger - Copying 0 resource
2021-04-23 17:36:49,754 [Worker-1779: Updating Maven Dependencies] ERROR o.e.m.j.i.l.MavenLaunchConfigurationListener - Launch configuration SubmitJob references non-existing project sparkJobEMR.
org.eclipse.core.runtime.CoreException: Launch configuration SubmitJob references non-existing project sparkJobEMR.
	at org.eclipse.jdt.launching.JavaRuntime.abort(JavaRuntime.java:1843)
	at org.eclipse.jdt.launching.JavaRuntime.getJavaProject(JavaRuntime.java:1718)
	at org.eclipse.m2e.jdt.internal.launch.MavenLaunchConfigurationListener.updateLaunchConfiguration(MavenLaunchConfigurationListener.java:59)
	at org.eclipse.m2e.jdt.internal.launch.MavenLaunchConfigurationListener.launchConfigurationChanged(MavenLaunchConfigurationListener.java:46)
	at org.eclipse.debug.internal.core.LaunchManager$ConfigurationNotifier.run(LaunchManager.java:225)
	at org.eclipse.core.runtime.SafeRunner.run(SafeRunner.java:45)
	at org.eclipse.debug.internal.core.LaunchManager$ConfigurationNotifier.notify(LaunchManager.java:209)
	at org.eclipse.debug.internal.core.LaunchConfigurationWorkingCopy.setDirty(LaunchConfigurationWorkingCopy.java:523)
	at org.eclipse.debug.internal.core.LaunchConfigurationWorkingCopy.setAttribute(LaunchConfigurationWorkingCopy.java:411)
	at org.eclipse.m2e.jdt.internal.launch.MavenRuntimeClasspathProvider.disable(MavenRuntimeClasspathProvider.java:401)
	at org.eclipse.m2e.jdt.internal.launch.MavenRuntimeClasspathProvider.disable(MavenRuntimeClasspathProvider.java:427)
	at org.eclipse.m2e.jdt.internal.launch.MavenLaunchConfigurationListener.mavenProjectChanged(MavenLaunchConfigurationListener.java:130)
	at org.eclipse.m2e.core.internal.project.registry.ProjectRegistryManager.notifyProjectChangeListeners(ProjectRegistryManager.java:824)
	at org.eclipse.m2e.core.internal.project.registry.ProjectRegistryManager.applyMutableProjectRegistry(ProjectRegistryManager.java:990)
	at org.eclipse.m2e.core.internal.project.registry.ProjectRegistryRefreshJob.lambda$0(ProjectRegistryRefreshJob.java:149)
	at org.eclipse.m2e.core.internal.embedder.MavenExecutionContext.executeBare(MavenExecutionContext.java:179)
	at org.eclipse.m2e.core.internal.embedder.MavenExecutionContext.execute(MavenExecutionContext.java:153)
	at org.eclipse.m2e.core.internal.embedder.MavenExecutionContext.execute(MavenExecutionContext.java:101)
	at org.eclipse.m2e.core.internal.embedder.MavenImpl.execute(MavenImpl.java:1374)
	at org.eclipse.m2e.core.internal.project.registry.ProjectRegistryRefreshJob.run(ProjectRegistryRefreshJob.java:84)
	at org.eclipse.core.internal.jobs.Worker.run(Worker.java:63)
2021-04-23 17:36:49,760 [Worker-1779: Updating Maven Dependencies] ERROR o.e.m.j.i.l.MavenLaunchConfigurationListener - Launch configuration SubmitJob references non-existing project sparkJobEMR.
org.eclipse.core.runtime.CoreException: Launch configuration SubmitJob references non-existing project sparkJobEMR.
	at org.eclipse.jdt.launching.JavaRuntime.abort(JavaRuntime.java:1843)
	at org.eclipse.jdt.launching.JavaRuntime.getJavaProject(JavaRuntime.java:1718)
	at org.eclipse.m2e.jdt.internal.launch.MavenLaunchConfigurationListener.updateLaunchConfiguration(MavenLaunchConfigurationListener.java:59)
	at org.eclipse.m2e.jdt.internal.launch.MavenLaunchConfigurationListener.launchConfigurationChanged(MavenLaunchConfigurationListener.java:46)
	at org.eclipse.debug.internal.core.LaunchManager$ConfigurationNotifier.run(LaunchManager.java:225)
	at org.eclipse.core.runtime.SafeRunner.run(SafeRunner.java:45)
	at org.eclipse.debug.internal.core.LaunchManager$ConfigurationNotifier.notify(LaunchManager.java:209)
	at org.eclipse.debug.internal.core.LaunchConfigurationWorkingCopy.setDirty(LaunchConfigurationWorkingCopy.java:523)
	at org.eclipse.debug.internal.core.LaunchConfigurationWorkingCopy.setAttribute(LaunchConfigurationWorkingCopy.java:411)
	at org.eclipse.m2e.jdt.internal.launch.MavenRuntimeClasspathProvider.disable(MavenRuntimeClasspathProvider.java:402)
	at org.eclipse.m2e.jdt.internal.launch.MavenRuntimeClasspathProvider.disable(MavenRuntimeClasspathProvider.java:427)
	at org.eclipse.m2e.jdt.internal.launch.MavenLaunchConfigurationListener.mavenProjectChanged(MavenLaunchConfigurationListener.java:130)
	at org.eclipse.m2e.core.internal.project.registry.ProjectRegistryManager.notifyProjectChangeListeners(ProjectRegistryManager.java:824)
	at org.eclipse.m2e.core.internal.project.registry.ProjectRegistryManager.applyMutableProjectRegistry(ProjectRegistryManager.java:990)
	at org.eclipse.m2e.core.internal.project.registry.ProjectRegistryRefreshJob.lambda$0(ProjectRegistryRefreshJob.java:149)
	at org.eclipse.m2e.core.internal.embedder.MavenExecutionContext.executeBare(MavenExecutionContext.java:179)
	at org.eclipse.m2e.core.internal.embedder.MavenExecutionContext.execute(MavenExecutionContext.java:153)
	at org.eclipse.m2e.core.internal.embedder.MavenExecutionContext.execute(MavenExecutionContext.java:101)
	at org.eclipse.m2e.core.internal.embedder.MavenImpl.execute(MavenImpl.java:1374)
	at org.eclipse.m2e.core.internal.project.registry.ProjectRegistryRefreshJob.run(ProjectRegistryRefreshJob.java:84)
	at org.eclipse.core.internal.jobs.Worker.run(Worker.java:63)
2021-04-23 17:36:49,770 [Worker-1779: Updating Maven Dependencies] ERROR o.e.m.j.i.l.MavenLaunchConfigurationListener - Launch configuration SubmitJob references non-existing project sparkJobEMR.
org.eclipse.core.runtime.CoreException: Launch configuration SubmitJob references non-existing project sparkJobEMR.
	at org.eclipse.jdt.launching.JavaRuntime.abort(JavaRuntime.java:1843)
	at org.eclipse.jdt.launching.JavaRuntime.getJavaProject(JavaRuntime.java:1718)
	at org.eclipse.m2e.jdt.internal.launch.MavenLaunchConfigurationListener.updateLaunchConfiguration(MavenLaunchConfigurationListener.java:59)
	at org.eclipse.m2e.jdt.internal.launch.MavenLaunchConfigurationListener.launchConfigurationChanged(MavenLaunchConfigurationListener.java:46)
	at org.eclipse.debug.internal.core.LaunchManager$ConfigurationNotifier.run(LaunchManager.java:225)
	at org.eclipse.core.runtime.SafeRunner.run(SafeRunner.java:45)
	at org.eclipse.debug.internal.core.LaunchManager$ConfigurationNotifier.notify(LaunchManager.java:209)
	at org.eclipse.debug.internal.core.LaunchManager.launchConfigurationChanged(LaunchManager.java:2128)
	at org.eclipse.debug.internal.core.LaunchConfigurationWorkingCopy.writeNewFile(LaunchConfigurationWorkingCopy.java:376)
	at org.eclipse.debug.internal.core.LaunchConfigurationWorkingCopy.doSave0(LaunchConfigurationWorkingCopy.java:259)
	at org.eclipse.debug.internal.core.LaunchConfigurationWorkingCopy.doSave(LaunchConfigurationWorkingCopy.java:229)
	at org.eclipse.debug.internal.core.LaunchConfigurationWorkingCopy.doSave(LaunchConfigurationWorkingCopy.java:187)
	at org.eclipse.m2e.jdt.internal.launch.MavenRuntimeClasspathProvider.disable(MavenRuntimeClasspathProvider.java:403)
	at org.eclipse.m2e.jdt.internal.launch.MavenRuntimeClasspathProvider.disable(MavenRuntimeClasspathProvider.java:427)
	at org.eclipse.m2e.jdt.internal.launch.MavenLaunchConfigurationListener.mavenProjectChanged(MavenLaunchConfigurationListener.java:130)
	at org.eclipse.m2e.core.internal.project.registry.ProjectRegistryManager.notifyProjectChangeListeners(ProjectRegistryManager.java:824)
	at org.eclipse.m2e.core.internal.project.registry.ProjectRegistryManager.applyMutableProjectRegistry(ProjectRegistryManager.java:990)
	at org.eclipse.m2e.core.internal.project.registry.ProjectRegistryRefreshJob.lambda$0(ProjectRegistryRefreshJob.java:149)
	at org.eclipse.m2e.core.internal.embedder.MavenExecutionContext.executeBare(MavenExecutionContext.java:179)
	at org.eclipse.m2e.core.internal.embedder.MavenExecutionContext.execute(MavenExecutionContext.java:153)
	at org.eclipse.m2e.core.internal.embedder.MavenExecutionContext.execute(MavenExecutionContext.java:101)
	at org.eclipse.m2e.core.internal.embedder.MavenImpl.execute(MavenImpl.java:1374)
	at org.eclipse.m2e.core.internal.project.registry.ProjectRegistryRefreshJob.run(ProjectRegistryRefreshJob.java:84)
	at org.eclipse.core.internal.jobs.Worker.run(Worker.java:63)
